<?xml version="1.0" encoding="UTF-8"?>
<testsuite xmlns:xsi="http://www.w3.org/2001/XMLSchema-instance" xsi:noNamespaceSchemaLocation="https://maven.apache.org/surefire/maven-surefire-plugin/xsd/surefire-test-report-3.0.xsd" version="3.0" name="org.acme.hibernatedemo.ExampleResourceTest" time="11.092" tests="1" errors="0" skipped="0" failures="1">
  <properties>
[...]
</properties>
  <testcase name="testHelloEndpoint" classname="org.acme.hibernatedemo.ExampleResourceTest" time="1.483">
    <failure type="java.lang.AssertionError"><![CDATA[java.lang.AssertionError: 
1 expectation failed.
Expected status code <200> but was <404>.

	at org.acme.hibernatedemo.ExampleResourceTest.testHelloEndpoint(ExampleResourceTest.java:17)
]]></failure>
    <system-out><![CDATA[2022-01-12 18:10:15,774 INFO  [io.quarkus] (main) Quarkus 2.6.1.Final on JVM started in 5.456s. Listening on: http://localhost:8081
2022-01-12 18:10:15,776 INFO  [io.quarkus] (main) Profile test activated. 
2022-01-12 18:10:15,776 INFO  [io.quarkus] (main) Installed features: [agroal, cdi, hibernate-orm, hibernate-orm-panache, jdbc-postgresql, narayana-jta, smallrye-context-propagation, vertx]
]]></system-out>
  </testcase>
</testsuite>